0    [AWT-EventQueue-0] INFO  ca.sqlpower.architect.ArchitectUtils  - Log4J configured successfully
481  [AWT-EventQueue-0] INFO  ca.sqlpower.sql.PlDotIni  - Beginning to read/merge new pl.ini data
567  [AWT-EventQueue-0] INFO  ca.sqlpower.sql.PlDotIni  - Finished reading file.
567  [AWT-EventQueue-0] INFO  ca.sqlpower.sql.PlDotIni  - Beginning to read/merge new pl.ini data
630  [AWT-EventQueue-0] INFO  ca.sqlpower.sql.PlDotIni  - Finished reading file.
3768 [Thread-5] ERROR ca.sqlpower.architect.swingui.action.CheckForUpdateAction  - Fail to retrieve current version number!
0    [AWT-EventQueue-0] INFO  ca.sqlpower.architect.ArchitectUtils  - Log4J configured successfully
495  [AWT-EventQueue-0] INFO  ca.sqlpower.sql.PlDotIni  - Beginning to read/merge new pl.ini data
578  [AWT-EventQueue-0] INFO  ca.sqlpower.sql.PlDotIni  - Finished reading file.
579  [AWT-EventQueue-0] INFO  ca.sqlpower.sql.PlDotIni  - Beginning to read/merge new pl.ini data
648  [AWT-EventQueue-0] INFO  ca.sqlpower.sql.PlDotIni  - Finished reading file.
3609 [Thread-5] ERROR ca.sqlpower.architect.swingui.action.CheckForUpdateAction  - Fail to retrieve current version number!
0    [AWT-EventQueue-0] INFO  ca.sqlpower.architect.ArchitectUtils  - Log4J configured successfully
528  [AWT-EventQueue-0] INFO  ca.sqlpower.sql.PlDotIni  - Beginning to read/merge new pl.ini data
607  [AWT-EventQueue-0] INFO  ca.sqlpower.sql.PlDotIni  - Finished reading file.
607  [AWT-EventQueue-0] INFO  ca.sqlpower.sql.PlDotIni  - Beginning to read/merge new pl.ini data
676  [AWT-EventQueue-0] INFO  ca.sqlpower.sql.PlDotIni  - Finished reading file.
3917 [Thread-5] ERROR ca.sqlpower.architect.swingui.action.CheckForUpdateAction  - Fail to retrieve current version number!
382660 [AWT-EventQueue-0] INFO  ca.sqlpower.architect.ddl.GenericDDLGenerator  - endStatement: 
CREATE TABLE funcionario (
                cpf CHAR(11) NOT NULL,
                primeiro_nome VARCHAR(15) NOT NULL,
                nome_meio CHAR(1),
                ultimo_nome VARCHAR(15) NOT NULL,
                data_nascimento DATE,
                endereco VARCHAR(30),
                sexo CHAR(1),
                salario DECIMAL(10,2),
                cpf_supervisor CHAR(11) NOT NULL,
                numero_departamento INT NOT NULL,
                PRIMARY KEY (cpf)
)
382660 [AWT-EventQueue-0] INFO  ca.sqlpower.architect.ddl.GenericDDLGenerator  - endStatement: 

ALTER TABLE funcionario MODIFY COLUMN cpf CHAR(11) COMMENT 'CPF do funcionário. Será a PK da tabela.'
382661 [AWT-EventQueue-0] INFO  ca.sqlpower.architect.ddl.GenericDDLGenerator  - endStatement: 

ALTER TABLE funcionario MODIFY COLUMN primeiro_nome VARCHAR(15) COMMENT 'Primeiro nome do funcionário.'
382661 [AWT-EventQueue-0] INFO  ca.sqlpower.architect.ddl.GenericDDLGenerator  - endStatement: 

ALTER TABLE funcionario MODIFY COLUMN nome_meio CHAR(1) COMMENT 'Inicial do nome do meio.'
382661 [AWT-EventQueue-0] INFO  ca.sqlpower.architect.ddl.GenericDDLGenerator  - endStatement: 

ALTER TABLE funcionario MODIFY COLUMN ultimo_nome VARCHAR(15) COMMENT 'Sobrenome do funcionário.'
382661 [AWT-EventQueue-0] INFO  ca.sqlpower.architect.ddl.GenericDDLGenerator  - endStatement: 

ALTER TABLE funcionario MODIFY COLUMN data_nascimento DATE COMMENT 'Data de nascimento do funcionário.'
382661 [AWT-EventQueue-0] INFO  ca.sqlpower.architect.ddl.GenericDDLGenerator  - endStatement: 

ALTER TABLE funcionario MODIFY COLUMN endereco VARCHAR(30) COMMENT 'Endereço do funcionário.'
382662 [AWT-EventQueue-0] INFO  ca.sqlpower.architect.ddl.GenericDDLGenerator  - endStatement: 

ALTER TABLE funcionario MODIFY COLUMN sexo CHAR(1) COMMENT 'Sexo do funcionário.'
382662 [AWT-EventQueue-0] INFO  ca.sqlpower.architect.ddl.GenericDDLGenerator  - endStatement: 

ALTER TABLE funcionario MODIFY COLUMN salario DECIMAL(10, 2) COMMENT 'Salário do funcionário.'
382662 [AWT-EventQueue-0] INFO  ca.sqlpower.architect.ddl.GenericDDLGenerator  - endStatement: 

ALTER TABLE funcionario MODIFY COLUMN cpf_supervisor CHAR(11) COMMENT 'CPF do supervisor. Será uma FK para a própria tabela.'
382662 [AWT-EventQueue-0] INFO  ca.sqlpower.architect.ddl.GenericDDLGenerator  - endStatement: 

ALTER TABLE funcionario MODIFY COLUMN numero_departamento INTEGER COMMENT 'Número do departamento do funcionário.'
382663 [AWT-EventQueue-0] INFO  ca.sqlpower.architect.ddl.GenericDDLGenerator  - endStatement: 


CREATE TABLE departamento (
                numero_departamento INT NOT NULL,
                nome_departamento VARCHAR(15) NOT NULL,
                cpf_gerente CHAR(11) NOT NULL,
                data_inicio_gerente DATE,
                PRIMARY KEY (numero_departamento)
)
382663 [AWT-EventQueue-0] INFO  ca.sqlpower.architect.ddl.GenericDDLGenerator  - endStatement: 

ALTER TABLE departamento MODIFY COLUMN numero_departamento INTEGER COMMENT 'Número do departamento. É a PK desta tabela.'
382663 [AWT-EventQueue-0] INFO  ca.sqlpower.architect.ddl.GenericDDLGenerator  - endStatement: 

ALTER TABLE departamento MODIFY COLUMN nome_departamento VARCHAR(15) COMMENT 'Nome do departamento. Deve ser único.'
382663 [AWT-EventQueue-0] INFO  ca.sqlpower.architect.ddl.GenericDDLGenerator  - endStatement: 

ALTER TABLE departamento MODIFY COLUMN cpf_gerente CHAR(11) COMMENT 'CPF do gerente do departamento. FK da tabela funcionários.'
382663 [AWT-EventQueue-0] INFO  ca.sqlpower.architect.ddl.GenericDDLGenerator  - endStatement: 

ALTER TABLE departamento MODIFY COLUMN data_inicio_gerente DATE COMMENT 'Data do início do gerente no departamento.'
382664 [AWT-EventQueue-0] INFO  ca.sqlpower.architect.ddl.GenericDDLGenerator  - endStatement: 


CREATE UNIQUE INDEX departamento_idx
 ON departamento
 ( nome_departamento )
382664 [AWT-EventQueue-0] INFO  ca.sqlpower.architect.ddl.GenericDDLGenerator  - endStatement: 

CREATE TABLE projeto (
                numero_projeto INT NOT NULL,
                nome_projeto VARCHAR(15) NOT NULL,
                local_projeto VARCHAR(15),
                numero_departamento INT NOT NULL,
                PRIMARY KEY (numero_projeto)
)
382664 [AWT-EventQueue-0] INFO  ca.sqlpower.architect.ddl.GenericDDLGenerator  - endStatement: 

ALTER TABLE projeto MODIFY COLUMN numero_projeto INTEGER COMMENT 'Número do projeto. É a PK desta tabela.'
382664 [AWT-EventQueue-0] INFO  ca.sqlpower.architect.ddl.GenericDDLGenerator  - endStatement: 

ALTER TABLE projeto MODIFY COLUMN nome_projeto VARCHAR(15) COMMENT 'Nome do projeto. Deve ser único.'
382665 [AWT-EventQueue-0] INFO  ca.sqlpower.architect.ddl.GenericDDLGenerator  - endStatement: 

ALTER TABLE projeto MODIFY COLUMN local_projeto VARCHAR(15) COMMENT 'Localização do projeto.'
382665 [AWT-EventQueue-0] INFO  ca.sqlpower.architect.ddl.GenericDDLGenerator  - endStatement: 

ALTER TABLE projeto MODIFY COLUMN numero_departamento INTEGER COMMENT 'Número do departamento. É uma FK para a tabela departamento.'
382665 [AWT-EventQueue-0] INFO  ca.sqlpower.architect.ddl.GenericDDLGenerator  - endStatement: 


CREATE UNIQUE INDEX projeto_idx
 ON projeto
 ( nome_projeto )
382665 [AWT-EventQueue-0] INFO  ca.sqlpower.architect.ddl.GenericDDLGenerator  - endStatement: 

CREATE TABLE localizacoes_departamento (
                numero_departamento INT NOT NULL,
                local VARCHAR(15) NOT NULL,
                PRIMARY KEY (numero_departamento, local)
)
382665 [AWT-EventQueue-0] INFO  ca.sqlpower.architect.ddl.GenericDDLGenerator  - endStatement: 

ALTER TABLE localizacoes_departamento MODIFY COLUMN numero_departamento INTEGER COMMENT 'Número departamento. PK e FK da tabela departamento.'
382666 [AWT-EventQueue-0] INFO  ca.sqlpower.architect.ddl.GenericDDLGenerator  - endStatement: 

ALTER TABLE localizacoes_departamento MODIFY COLUMN local VARCHAR(15) COMMENT 'Localização do departamento. Faz parte da PK desta tabela.'
382666 [AWT-EventQueue-0] INFO  ca.sqlpower.architect.ddl.GenericDDLGenerator  - endStatement: 


CREATE TABLE dependente (
                cpf_funcionario CHAR(11) NOT NULL,
                nome_dependente VARCHAR(15) NOT NULL,
                sexo CHAR(1),
                data_nascimento DATE,
                parentesco VARCHAR(15),
                PRIMARY KEY (cpf_funcionario, nome_dependente)
)
382666 [AWT-EventQueue-0] INFO  ca.sqlpower.architect.ddl.GenericDDLGenerator  - endStatement: 

ALTER TABLE dependente MODIFY COLUMN cpf_funcionario CHAR(11) COMMENT 'CPF do funcionário. PK da tabela FK da tabela funcionário.'
382666 [AWT-EventQueue-0] INFO  ca.sqlpower.architect.ddl.GenericDDLGenerator  - endStatement: 

ALTER TABLE dependente MODIFY COLUMN nome_dependente VARCHAR(15) COMMENT 'Nome do dependente. Faz parte da PK desta tabela.'
382667 [AWT-EventQueue-0] INFO  ca.sqlpower.architect.ddl.GenericDDLGenerator  - endStatement: 

ALTER TABLE dependente MODIFY COLUMN sexo CHAR(1) COMMENT 'Sexo do dependente.'
382667 [AWT-EventQueue-0] INFO  ca.sqlpower.architect.ddl.GenericDDLGenerator  - endStatement: 

ALTER TABLE dependente MODIFY COLUMN data_nascimento DATE COMMENT 'Data de nascimento do dependente.'
382667 [AWT-EventQueue-0] INFO  ca.sqlpower.architect.ddl.GenericDDLGenerator  - endStatement: 

ALTER TABLE dependente MODIFY COLUMN parentesco VARCHAR(15) COMMENT 'Descrição do parentesco do dependente com o funcionário.
'
382667 [AWT-EventQueue-0] INFO  ca.sqlpower.architect.ddl.GenericDDLGenerator  - endStatement: 


CREATE TABLE trabalha_em (
                cpf_funcionario CHAR(11) NOT NULL,
                numero_projeto INT NOT NULL,
                horas DECIMAL(3,1) NOT NULL,
                PRIMARY KEY (cpf_funcionario, numero_projeto)
)
382667 [AWT-EventQueue-0] INFO  ca.sqlpower.architect.ddl.GenericDDLGenerator  - endStatement: 

ALTER TABLE trabalha_em MODIFY COLUMN cpf_funcionario CHAR(11) COMMENT 'CPF do funcionário. PK da tabela e FK da tabela funcionário.'
382668 [AWT-EventQueue-0] INFO  ca.sqlpower.architect.ddl.GenericDDLGenerator  - endStatement: 

ALTER TABLE trabalha_em MODIFY COLUMN numero_projeto INTEGER COMMENT 'Número do projeto. PK da tabela e FK da tabela projeto.'
382668 [AWT-EventQueue-0] INFO  ca.sqlpower.architect.ddl.GenericDDLGenerator  - endStatement: 

ALTER TABLE trabalha_em MODIFY COLUMN horas DECIMAL(3, 1) COMMENT 'Horas trabalhadas pelo funcionário neste projeto.'
382668 [AWT-EventQueue-0] INFO  ca.sqlpower.architect.ddl.GenericDDLGenerator  - endStatement: 


ALTER TABLE trabalha_em ADD CONSTRAINT funcionario_trabalha_em_fk
FOREIGN KEY (cpf_funcionario)
REFERENCES funcionario (cpf)
ON DELETE NO ACTION
ON UPDATE NO ACTION
382668 [AWT-EventQueue-0] INFO  ca.sqlpower.architect.ddl.GenericDDLGenerator  - endStatement: 

ALTER TABLE dependente ADD CONSTRAINT funcionario_dependente_fk
FOREIGN KEY (cpf_funcionario)
REFERENCES funcionario (cpf)
ON DELETE NO ACTION
ON UPDATE NO ACTION
382669 [AWT-EventQueue-0] INFO  ca.sqlpower.architect.ddl.GenericDDLGenerator  - endStatement: 

ALTER TABLE funcionario ADD CONSTRAINT funcionario_funcionario_fk
FOREIGN KEY (cpf_supervisor)
REFERENCES funcionario (cpf)
ON DELETE NO ACTION
ON UPDATE NO ACTION
382669 [AWT-EventQueue-0] INFO  ca.sqlpower.architect.ddl.GenericDDLGenerator  - endStatement: 

ALTER TABLE departamento ADD CONSTRAINT funcionario_departamento_fk
FOREIGN KEY (cpf_gerente)
REFERENCES funcionario (cpf)
ON DELETE NO ACTION
ON UPDATE NO ACTION
382669 [AWT-EventQueue-0] INFO  ca.sqlpower.architect.ddl.GenericDDLGenerator  - endStatement: 

ALTER TABLE localizacoes_departamento ADD CONSTRAINT departamento_localizacoes_departamento_fk
FOREIGN KEY (numero_departamento)
REFERENCES departamento (numero_departamento)
ON DELETE NO ACTION
ON UPDATE NO ACTION
382669 [AWT-EventQueue-0] INFO  ca.sqlpower.architect.ddl.GenericDDLGenerator  - endStatement: 

ALTER TABLE projeto ADD CONSTRAINT departamento_projeto_fk
FOREIGN KEY (numero_departamento)
REFERENCES departamento (numero_departamento)
ON DELETE NO ACTION
ON UPDATE NO ACTION
382669 [AWT-EventQueue-0] INFO  ca.sqlpower.architect.ddl.GenericDDLGenerator  - endStatement: 

ALTER TABLE trabalha_em ADD CONSTRAINT projeto_trabalha_em_fk
FOREIGN KEY (numero_projeto)
REFERENCES projeto (numero_projeto)
ON DELETE NO ACTION
ON UPDATE NO ACTION
382675 [AWT-EventQueue-0] INFO  ca.sqlpower.architect.swingui.SQLScriptDialog  - The list size is :43
3950952 [AWT-EventQueue-0] INFO  ca.sqlpower.architect.ddl.GenericDDLGenerator  - endStatement: 
CREATE TABLE funcionario (
                cpf CHAR(11) NOT NULL,
                primeiro_nome VARCHAR(15) NOT NULL,
                nome_meio CHAR(1),
                ultimo_nome VARCHAR(15) NOT NULL,
                data_nascimento DATE,
                endereco VARCHAR(30),
                sexo CHAR(1),
                salario DECIMAL(10,2),
                cpf_supervisor CHAR(11) NOT NULL,
                numero_departamento INT NOT NULL,
                PRIMARY KEY (cpf)
)
3950953 [AWT-EventQueue-0] INFO  ca.sqlpower.architect.ddl.GenericDDLGenerator  - endStatement: 

ALTER TABLE funcionario MODIFY COLUMN cpf CHAR(11) COMMENT 'CPF do funcionário. Será a PK da tabela.'
3950954 [AWT-EventQueue-0] INFO  ca.sqlpower.architect.ddl.GenericDDLGenerator  - endStatement: 

ALTER TABLE funcionario MODIFY COLUMN primeiro_nome VARCHAR(15) COMMENT 'Primeiro nome do funcionário.'
3950954 [AWT-EventQueue-0] INFO  ca.sqlpower.architect.ddl.GenericDDLGenerator  - endStatement: 

ALTER TABLE funcionario MODIFY COLUMN nome_meio CHAR(1) COMMENT 'Inicial do nome do meio.'
3950954 [AWT-EventQueue-0] INFO  ca.sqlpower.architect.ddl.GenericDDLGenerator  - endStatement: 

ALTER TABLE funcionario MODIFY COLUMN ultimo_nome VARCHAR(15) COMMENT 'Sobrenome do funcionário.'
3950954 [AWT-EventQueue-0] INFO  ca.sqlpower.architect.ddl.GenericDDLGenerator  - endStatement: 

ALTER TABLE funcionario MODIFY COLUMN data_nascimento DATE COMMENT 'Data de nascimento do funcionário.'
3950955 [AWT-EventQueue-0] INFO  ca.sqlpower.architect.ddl.GenericDDLGenerator  - endStatement: 

ALTER TABLE funcionario MODIFY COLUMN endereco VARCHAR(30) COMMENT 'Endereço do funcionário.'
3950955 [AWT-EventQueue-0] INFO  ca.sqlpower.architect.ddl.GenericDDLGenerator  - endStatement: 

ALTER TABLE funcionario MODIFY COLUMN sexo CHAR(1) COMMENT 'Sexo do funcionário.'
3950955 [AWT-EventQueue-0] INFO  ca.sqlpower.architect.ddl.GenericDDLGenerator  - endStatement: 

ALTER TABLE funcionario MODIFY COLUMN salario DECIMAL(10, 2) COMMENT 'Salário do funcionário.'
3950955 [AWT-EventQueue-0] INFO  ca.sqlpower.architect.ddl.GenericDDLGenerator  - endStatement: 

ALTER TABLE funcionario MODIFY COLUMN cpf_supervisor CHAR(11) COMMENT 'CPF do supervisor. Será uma FK para a própria tabela.'
3950955 [AWT-EventQueue-0] INFO  ca.sqlpower.architect.ddl.GenericDDLGenerator  - endStatement: 

ALTER TABLE funcionario MODIFY COLUMN numero_departamento INTEGER COMMENT 'Número do departamento do funcionário.'
3950956 [AWT-EventQueue-0] INFO  ca.sqlpower.architect.ddl.GenericDDLGenerator  - endStatement: 


CREATE TABLE departamento (
                numero_departamento INT NOT NULL,
                nome_departamento VARCHAR(15) NOT NULL,
                cpf_gerente CHAR(11) NOT NULL,
                data_inicio_gerente DATE,
                PRIMARY KEY (numero_departamento)
)
3950956 [AWT-EventQueue-0] INFO  ca.sqlpower.architect.ddl.GenericDDLGenerator  - endStatement: 

ALTER TABLE departamento MODIFY COLUMN numero_departamento INTEGER COMMENT 'Número do departamento. É a PK desta tabela.'
3950956 [AWT-EventQueue-0] INFO  ca.sqlpower.architect.ddl.GenericDDLGenerator  - endStatement: 

ALTER TABLE departamento MODIFY COLUMN nome_departamento VARCHAR(15) COMMENT 'Nome do departamento. Deve ser único.'
3950956 [AWT-EventQueue-0] INFO  ca.sqlpower.architect.ddl.GenericDDLGenerator  - endStatement: 

ALTER TABLE departamento MODIFY COLUMN cpf_gerente CHAR(11) COMMENT 'CPF do gerente do departamento. FK da tabela funcionários.'
3950957 [AWT-EventQueue-0] INFO  ca.sqlpower.architect.ddl.GenericDDLGenerator  - endStatement: 

ALTER TABLE departamento MODIFY COLUMN data_inicio_gerente DATE COMMENT 'Data do início do gerente no departamento.'
3950957 [AWT-EventQueue-0] INFO  ca.sqlpower.architect.ddl.GenericDDLGenerator  - endStatement: 


CREATE UNIQUE INDEX departamento_idx
 ON departamento
 ( nome_departamento )
3950957 [AWT-EventQueue-0] INFO  ca.sqlpower.architect.ddl.GenericDDLGenerator  - endStatement: 

CREATE TABLE projeto (
                numero_projeto INT NOT NULL,
                nome_projeto VARCHAR(15) NOT NULL,
                local_projeto VARCHAR(15),
                numero_departamento INT NOT NULL,
                PRIMARY KEY (numero_projeto)
)
3950957 [AWT-EventQueue-0] INFO  ca.sqlpower.architect.ddl.GenericDDLGenerator  - endStatement: 

ALTER TABLE projeto MODIFY COLUMN numero_projeto INTEGER COMMENT 'Número do projeto. É a PK desta tabela.'
3950958 [AWT-EventQueue-0] INFO  ca.sqlpower.architect.ddl.GenericDDLGenerator  - endStatement: 

ALTER TABLE projeto MODIFY COLUMN nome_projeto VARCHAR(15) COMMENT 'Nome do projeto. Deve ser único.'
3950958 [AWT-EventQueue-0] INFO  ca.sqlpower.architect.ddl.GenericDDLGenerator  - endStatement: 

ALTER TABLE projeto MODIFY COLUMN local_projeto VARCHAR(15) COMMENT 'Localização do projeto.'
3950958 [AWT-EventQueue-0] INFO  ca.sqlpower.architect.ddl.GenericDDLGenerator  - endStatement: 

ALTER TABLE projeto MODIFY COLUMN numero_departamento INTEGER COMMENT 'Número do departamento. É uma FK para a tabela departamento.'
3950958 [AWT-EventQueue-0] INFO  ca.sqlpower.architect.ddl.GenericDDLGenerator  - endStatement: 


CREATE UNIQUE INDEX projeto_idx
 ON projeto
 ( nome_projeto )
3950958 [AWT-EventQueue-0] INFO  ca.sqlpower.architect.ddl.GenericDDLGenerator  - endStatement: 

CREATE TABLE localizacoes_departamento (
                numero_departamento INT NOT NULL,
                local VARCHAR(15) NOT NULL,
                PRIMARY KEY (numero_departamento, local)
)
3950959 [AWT-EventQueue-0] INFO  ca.sqlpower.architect.ddl.GenericDDLGenerator  - endStatement: 

ALTER TABLE localizacoes_departamento MODIFY COLUMN numero_departamento INTEGER COMMENT 'Número departamento. PK e FK da tabela departamento.'
3950959 [AWT-EventQueue-0] INFO  ca.sqlpower.architect.ddl.GenericDDLGenerator  - endStatement: 

ALTER TABLE localizacoes_departamento MODIFY COLUMN local VARCHAR(15) COMMENT 'Localização do departamento. Faz parte da PK desta tabela.'
3950959 [AWT-EventQueue-0] INFO  ca.sqlpower.architect.ddl.GenericDDLGenerator  - endStatement: 


CREATE TABLE dependente (
                cpf_funcionario CHAR(11) NOT NULL,
                nome_dependente VARCHAR(15) NOT NULL,
                sexo CHAR(1),
                data_nascimento DATE,
                parentesco VARCHAR(15),
                PRIMARY KEY (cpf_funcionario, nome_dependente)
)
3950959 [AWT-EventQueue-0] INFO  ca.sqlpower.architect.ddl.GenericDDLGenerator  - endStatement: 

ALTER TABLE dependente MODIFY COLUMN cpf_funcionario CHAR(11) COMMENT 'CPF do funcionário. PK da tabela FK da tabela funcionário.'
3950960 [AWT-EventQueue-0] INFO  ca.sqlpower.architect.ddl.GenericDDLGenerator  - endStatement: 

ALTER TABLE dependente MODIFY COLUMN nome_dependente VARCHAR(15) COMMENT 'Nome do dependente. Faz parte da PK desta tabela.'
3950960 [AWT-EventQueue-0] INFO  ca.sqlpower.architect.ddl.GenericDDLGenerator  - endStatement: 

ALTER TABLE dependente MODIFY COLUMN sexo CHAR(1) COMMENT 'Sexo do dependente.'
3950960 [AWT-EventQueue-0] INFO  ca.sqlpower.architect.ddl.GenericDDLGenerator  - endStatement: 

ALTER TABLE dependente MODIFY COLUMN data_nascimento DATE COMMENT 'Data de nascimento do dependente.'
3950960 [AWT-EventQueue-0] INFO  ca.sqlpower.architect.ddl.GenericDDLGenerator  - endStatement: 

ALTER TABLE dependente MODIFY COLUMN parentesco VARCHAR(15) COMMENT 'Descrição do parentesco do dependente com o funcionário.
'
3950960 [AWT-EventQueue-0] INFO  ca.sqlpower.architect.ddl.GenericDDLGenerator  - endStatement: 


CREATE TABLE trabalha_em (
                cpf_funcionario CHAR(11) NOT NULL,
                numero_projeto INT NOT NULL,
                horas DECIMAL(3,1) NOT NULL,
                PRIMARY KEY (cpf_funcionario, numero_projeto)
)
3950960 [AWT-EventQueue-0] INFO  ca.sqlpower.architect.ddl.GenericDDLGenerator  - endStatement: 

ALTER TABLE trabalha_em MODIFY COLUMN cpf_funcionario CHAR(11) COMMENT 'CPF do funcionário. PK da tabela e FK da tabela funcionário.'
3950961 [AWT-EventQueue-0] INFO  ca.sqlpower.architect.ddl.GenericDDLGenerator  - endStatement: 

ALTER TABLE trabalha_em MODIFY COLUMN numero_projeto INTEGER COMMENT 'Número do projeto. PK da tabela e FK da tabela projeto.'
3950961 [AWT-EventQueue-0] INFO  ca.sqlpower.architect.ddl.GenericDDLGenerator  - endStatement: 

ALTER TABLE trabalha_em MODIFY COLUMN horas DECIMAL(3, 1) COMMENT 'Horas trabalhadas pelo funcionário neste projeto.'
3950961 [AWT-EventQueue-0] INFO  ca.sqlpower.architect.ddl.GenericDDLGenerator  - endStatement: 


ALTER TABLE trabalha_em ADD CONSTRAINT funcionario_trabalha_em_fk
FOREIGN KEY (cpf_funcionario)
REFERENCES funcionario (cpf)
ON DELETE NO ACTION
ON UPDATE NO ACTION
3950961 [AWT-EventQueue-0] INFO  ca.sqlpower.architect.ddl.GenericDDLGenerator  - endStatement: 

ALTER TABLE dependente ADD CONSTRAINT funcionario_dependente_fk
FOREIGN KEY (cpf_funcionario)
REFERENCES funcionario (cpf)
ON DELETE NO ACTION
ON UPDATE NO ACTION
3950962 [AWT-EventQueue-0] INFO  ca.sqlpower.architect.ddl.GenericDDLGenerator  - endStatement: 

ALTER TABLE funcionario ADD CONSTRAINT funcionario_funcionario_fk
FOREIGN KEY (cpf_supervisor)
REFERENCES funcionario (cpf)
ON DELETE NO ACTION
ON UPDATE NO ACTION
3950962 [AWT-EventQueue-0] INFO  ca.sqlpower.architect.ddl.GenericDDLGenerator  - endStatement: 

ALTER TABLE departamento ADD CONSTRAINT funcionario_departamento_fk
FOREIGN KEY (cpf_gerente)
REFERENCES funcionario (cpf)
ON DELETE NO ACTION
ON UPDATE NO ACTION
3950962 [AWT-EventQueue-0] INFO  ca.sqlpower.architect.ddl.GenericDDLGenerator  - endStatement: 

ALTER TABLE localizacoes_departamento ADD CONSTRAINT departamento_localizacoes_departamento_fk
FOREIGN KEY (numero_departamento)
REFERENCES departamento (numero_departamento)
ON DELETE NO ACTION
ON UPDATE NO ACTION
3950962 [AWT-EventQueue-0] INFO  ca.sqlpower.architect.ddl.GenericDDLGenerator  - endStatement: 

ALTER TABLE projeto ADD CONSTRAINT departamento_projeto_fk
FOREIGN KEY (numero_departamento)
REFERENCES departamento (numero_departamento)
ON DELETE NO ACTION
ON UPDATE NO ACTION
3950963 [AWT-EventQueue-0] INFO  ca.sqlpower.architect.ddl.GenericDDLGenerator  - endStatement: 

ALTER TABLE trabalha_em ADD CONSTRAINT projeto_trabalha_em_fk
FOREIGN KEY (numero_projeto)
REFERENCES projeto (numero_projeto)
ON DELETE NO ACTION
ON UPDATE NO ACTION
3950964 [AWT-EventQueue-0] INFO  ca.sqlpower.architect.swingui.SQLScriptDialog  - The list size is :43
5548307 [AWT-EventQueue-0] INFO  ca.sqlpower.architect.ddl.GenericDDLGenerator  - endStatement: 
CREATE TABLE funcionario (
                cpf CHAR(11) NOT NULL,
                primeiro_nome VARCHAR(15) NOT NULL,
                nome_meio CHAR(1),
                ultimo_nome VARCHAR(15) NOT NULL,
                data_nascimento DATE,
                endereco VARCHAR(30),
                sexo CHAR(1),
                salario DECIMAL(10,2),
                cpf_supervisor CHAR(11) NOT NULL,
                numero_departamento INT NOT NULL,
                PRIMARY KEY (cpf)
)
5548308 [AWT-EventQueue-0] INFO  ca.sqlpower.architect.ddl.GenericDDLGenerator  - endStatement: 

ALTER TABLE funcionario MODIFY COLUMN cpf CHAR(11) COMMENT 'CPF do funcionário. Será a PK da tabela.'
5548308 [AWT-EventQueue-0] INFO  ca.sqlpower.architect.ddl.GenericDDLGenerator  - endStatement: 

ALTER TABLE funcionario MODIFY COLUMN primeiro_nome VARCHAR(15) COMMENT 'Primeiro nome do funcionário.'
5548308 [AWT-EventQueue-0] INFO  ca.sqlpower.architect.ddl.GenericDDLGenerator  - endStatement: 

ALTER TABLE funcionario MODIFY COLUMN nome_meio CHAR(1) COMMENT 'Inicial do nome do meio.'
5548309 [AWT-EventQueue-0] INFO  ca.sqlpower.architect.ddl.GenericDDLGenerator  - endStatement: 

ALTER TABLE funcionario MODIFY COLUMN ultimo_nome VARCHAR(15) COMMENT 'Sobrenome do funcionário.'
5548309 [AWT-EventQueue-0] INFO  ca.sqlpower.architect.ddl.GenericDDLGenerator  - endStatement: 

ALTER TABLE funcionario MODIFY COLUMN data_nascimento DATE COMMENT 'Data de nascimento do funcionário.'
5548309 [AWT-EventQueue-0] INFO  ca.sqlpower.architect.ddl.GenericDDLGenerator  - endStatement: 

ALTER TABLE funcionario MODIFY COLUMN endereco VARCHAR(30) COMMENT 'Endereço do funcionário.'
5548309 [AWT-EventQueue-0] INFO  ca.sqlpower.architect.ddl.GenericDDLGenerator  - endStatement: 

ALTER TABLE funcionario MODIFY COLUMN sexo CHAR(1) COMMENT 'Sexo do funcionário.'
5548309 [AWT-EventQueue-0] INFO  ca.sqlpower.architect.ddl.GenericDDLGenerator  - endStatement: 

ALTER TABLE funcionario MODIFY COLUMN salario DECIMAL(10, 2) COMMENT 'Salário do funcionário.'
5548309 [AWT-EventQueue-0] INFO  ca.sqlpower.architect.ddl.GenericDDLGenerator  - endStatement: 

ALTER TABLE funcionario MODIFY COLUMN cpf_supervisor CHAR(11) COMMENT 'CPF do supervisor. Será uma FK para a própria tabela.'
5548309 [AWT-EventQueue-0] INFO  ca.sqlpower.architect.ddl.GenericDDLGenerator  - endStatement: 

ALTER TABLE funcionario MODIFY COLUMN numero_departamento INTEGER COMMENT 'Número do departamento do funcionário.'
5548310 [AWT-EventQueue-0] INFO  ca.sqlpower.architect.ddl.GenericDDLGenerator  - endStatement: 


CREATE TABLE departamento (
                numero_departamento INT NOT NULL,
                nome_departamento VARCHAR(15) NOT NULL,
                cpf_gerente CHAR(11) NOT NULL,
                data_inicio_gerente DATE,
                PRIMARY KEY (numero_departamento)
)
5548310 [AWT-EventQueue-0] INFO  ca.sqlpower.architect.ddl.GenericDDLGenerator  - endStatement: 

ALTER TABLE departamento MODIFY COLUMN numero_departamento INTEGER COMMENT 'Número do departamento. É a PK desta tabela.'
5548310 [AWT-EventQueue-0] INFO  ca.sqlpower.architect.ddl.GenericDDLGenerator  - endStatement: 

ALTER TABLE departamento MODIFY COLUMN nome_departamento VARCHAR(15) COMMENT 'Nome do departamento. Deve ser único.'
5548310 [AWT-EventQueue-0] INFO  ca.sqlpower.architect.ddl.GenericDDLGenerator  - endStatement: 

ALTER TABLE departamento MODIFY COLUMN cpf_gerente CHAR(11) COMMENT 'CPF do gerente do departamento. FK da tabela funcionários.'
5548310 [AWT-EventQueue-0] INFO  ca.sqlpower.architect.ddl.GenericDDLGenerator  - endStatement: 

ALTER TABLE departamento MODIFY COLUMN data_inicio_gerente DATE COMMENT 'Data do início do gerente no departamento.'
5548311 [AWT-EventQueue-0] INFO  ca.sqlpower.architect.ddl.GenericDDLGenerator  - endStatement: 


CREATE UNIQUE INDEX departamento_idx
 ON departamento
 ( nome_departamento )
5548311 [AWT-EventQueue-0] INFO  ca.sqlpower.architect.ddl.GenericDDLGenerator  - endStatement: 

CREATE TABLE projeto (
                numero_projeto INT NOT NULL,
                nome_projeto VARCHAR(15) NOT NULL,
                local_projeto VARCHAR(15),
                numero_departamento INT NOT NULL,
                PRIMARY KEY (numero_projeto)
)
5548311 [AWT-EventQueue-0] INFO  ca.sqlpower.architect.ddl.GenericDDLGenerator  - endStatement: 

ALTER TABLE projeto MODIFY COLUMN numero_projeto INTEGER COMMENT 'Número do projeto. É a PK desta tabela.'
5548311 [AWT-EventQueue-0] INFO  ca.sqlpower.architect.ddl.GenericDDLGenerator  - endStatement: 

ALTER TABLE projeto MODIFY COLUMN nome_projeto VARCHAR(15) COMMENT 'Nome do projeto. Deve ser único.'
5548311 [AWT-EventQueue-0] INFO  ca.sqlpower.architect.ddl.GenericDDLGenerator  - endStatement: 

ALTER TABLE projeto MODIFY COLUMN local_projeto VARCHAR(15) COMMENT 'Localização do projeto.'
5548311 [AWT-EventQueue-0] INFO  ca.sqlpower.architect.ddl.GenericDDLGenerator  - endStatement: 

ALTER TABLE projeto MODIFY COLUMN numero_departamento INTEGER COMMENT 'Número do departamento. É uma FK para a tabela departamento.'
5548312 [AWT-EventQueue-0] INFO  ca.sqlpower.architect.ddl.GenericDDLGenerator  - endStatement: 


CREATE UNIQUE INDEX projeto_idx
 ON projeto
 ( nome_projeto )
5548312 [AWT-EventQueue-0] INFO  ca.sqlpower.architect.ddl.GenericDDLGenerator  - endStatement: 

CREATE TABLE localizacoes_departamento (
                numero_departamento INT NOT NULL,
                local VARCHAR(15) NOT NULL,
                PRIMARY KEY (numero_departamento, local)
)
5548312 [AWT-EventQueue-0] INFO  ca.sqlpower.architect.ddl.GenericDDLGenerator  - endStatement: 

ALTER TABLE localizacoes_departamento MODIFY COLUMN numero_departamento INTEGER COMMENT 'Número departamento. PK e FK da tabela departamento.'
5548313 [AWT-EventQueue-0] INFO  ca.sqlpower.architect.ddl.GenericDDLGenerator  - endStatement: 

ALTER TABLE localizacoes_departamento MODIFY COLUMN local VARCHAR(15) COMMENT 'Localização do departamento. Faz parte da PK desta tabela.'
5548313 [AWT-EventQueue-0] INFO  ca.sqlpower.architect.ddl.GenericDDLGenerator  - endStatement: 


CREATE TABLE dependente (
                cpf_funcionario CHAR(11) NOT NULL,
                nome_dependente VARCHAR(15) NOT NULL,
                sexo CHAR(1),
                data_nascimento DATE,
                parentesco VARCHAR(15),
                PRIMARY KEY (cpf_funcionario, nome_dependente)
)
5548314 [AWT-EventQueue-0] INFO  ca.sqlpower.architect.ddl.GenericDDLGenerator  - endStatement: 

ALTER TABLE dependente MODIFY COLUMN cpf_funcionario CHAR(11) COMMENT 'CPF do funcionário. PK da tabela FK da tabela funcionário.'
5548314 [AWT-EventQueue-0] INFO  ca.sqlpower.architect.ddl.GenericDDLGenerator  - endStatement: 

ALTER TABLE dependente MODIFY COLUMN nome_dependente VARCHAR(15) COMMENT 'Nome do dependente. Faz parte da PK desta tabela.'
5548314 [AWT-EventQueue-0] INFO  ca.sqlpower.architect.ddl.GenericDDLGenerator  - endStatement: 

ALTER TABLE dependente MODIFY COLUMN sexo CHAR(1) COMMENT 'Sexo do dependente.'
5548314 [AWT-EventQueue-0] INFO  ca.sqlpower.architect.ddl.GenericDDLGenerator  - endStatement: 

ALTER TABLE dependente MODIFY COLUMN data_nascimento DATE COMMENT 'Data de nascimento do dependente.'
5548314 [AWT-EventQueue-0] INFO  ca.sqlpower.architect.ddl.GenericDDLGenerator  - endStatement: 

ALTER TABLE dependente MODIFY COLUMN parentesco VARCHAR(15) COMMENT 'Descrição do parentesco do dependente com o funcionário.
'
5548315 [AWT-EventQueue-0] INFO  ca.sqlpower.architect.ddl.GenericDDLGenerator  - endStatement: 


CREATE TABLE trabalha_em (
                cpf_funcionario CHAR(11) NOT NULL,
                numero_projeto INT NOT NULL,
                horas DECIMAL(3,1) NOT NULL,
                PRIMARY KEY (cpf_funcionario, numero_projeto)
)
5548315 [AWT-EventQueue-0] INFO  ca.sqlpower.architect.ddl.GenericDDLGenerator  - endStatement: 

ALTER TABLE trabalha_em MODIFY COLUMN cpf_funcionario CHAR(11) COMMENT 'CPF do funcionário. PK da tabela e FK da tabela funcionário.'
5548315 [AWT-EventQueue-0] INFO  ca.sqlpower.architect.ddl.GenericDDLGenerator  - endStatement: 

ALTER TABLE trabalha_em MODIFY COLUMN numero_projeto INTEGER COMMENT 'Número do projeto. PK da tabela e FK da tabela projeto.'
5548315 [AWT-EventQueue-0] INFO  ca.sqlpower.architect.ddl.GenericDDLGenerator  - endStatement: 

ALTER TABLE trabalha_em MODIFY COLUMN horas DECIMAL(3, 1) COMMENT 'Horas trabalhadas pelo funcionário neste projeto.'
5548315 [AWT-EventQueue-0] INFO  ca.sqlpower.architect.ddl.GenericDDLGenerator  - endStatement: 


ALTER TABLE trabalha_em ADD CONSTRAINT funcionario_trabalha_em_fk
FOREIGN KEY (cpf_funcionario)
REFERENCES funcionario (cpf)
ON DELETE NO ACTION
ON UPDATE NO ACTION
5548316 [AWT-EventQueue-0] INFO  ca.sqlpower.architect.ddl.GenericDDLGenerator  - endStatement: 

ALTER TABLE dependente ADD CONSTRAINT funcionario_dependente_fk
FOREIGN KEY (cpf_funcionario)
REFERENCES funcionario (cpf)
ON DELETE NO ACTION
ON UPDATE NO ACTION
5548316 [AWT-EventQueue-0] INFO  ca.sqlpower.architect.ddl.GenericDDLGenerator  - endStatement: 

ALTER TABLE funcionario ADD CONSTRAINT funcionario_funcionario_fk
FOREIGN KEY (cpf_supervisor)
REFERENCES funcionario (cpf)
ON DELETE NO ACTION
ON UPDATE NO ACTION
5548317 [AWT-EventQueue-0] INFO  ca.sqlpower.architect.ddl.GenericDDLGenerator  - endStatement: 

ALTER TABLE departamento ADD CONSTRAINT funcionario_departamento_fk
FOREIGN KEY (cpf_gerente)
REFERENCES funcionario (cpf)
ON DELETE NO ACTION
ON UPDATE NO ACTION
5548317 [AWT-EventQueue-0] INFO  ca.sqlpower.architect.ddl.GenericDDLGenerator  - endStatement: 

ALTER TABLE localizacoes_departamento ADD CONSTRAINT departamento_localizacoes_departamento_fk
FOREIGN KEY (numero_departamento)
REFERENCES departamento (numero_departamento)
ON DELETE NO ACTION
ON UPDATE NO ACTION
5548317 [AWT-EventQueue-0] INFO  ca.sqlpower.architect.ddl.GenericDDLGenerator  - endStatement: 

ALTER TABLE projeto ADD CONSTRAINT departamento_projeto_fk
FOREIGN KEY (numero_departamento)
REFERENCES departamento (numero_departamento)
ON DELETE NO ACTION
ON UPDATE NO ACTION
5548317 [AWT-EventQueue-0] INFO  ca.sqlpower.architect.ddl.GenericDDLGenerator  - endStatement: 

ALTER TABLE trabalha_em ADD CONSTRAINT projeto_trabalha_em_fk
FOREIGN KEY (numero_projeto)
REFERENCES projeto (numero_projeto)
ON DELETE NO ACTION
ON UPDATE NO ACTION
5548318 [AWT-EventQueue-0] INFO  ca.sqlpower.architect.swingui.SQLScriptDialog  - The list size is :43
5877699 [AWT-EventQueue-0] INFO  ca.sqlpower.architect.ddl.GenericDDLGenerator  - endStatement: 
CREATE TABLE funcionario (
                cpf CHAR(11) NOT NULL,
                primeiro_nome VARCHAR(15) NOT NULL,
                nome_meio CHAR(1),
                ultimo_nome VARCHAR(15) NOT NULL,
                data_nascimento DATE,
                endereco VARCHAR(30),
                sexo CHAR(1),
                salario DECIMAL(10,2),
                cpf_supervisor CHAR(11) NOT NULL,
                numero_departamento INT NOT NULL,
                PRIMARY KEY (cpf)
)
5877700 [AWT-EventQueue-0] INFO  ca.sqlpower.architect.ddl.GenericDDLGenerator  - endStatement: 

ALTER TABLE funcionario MODIFY COLUMN cpf CHAR(11) COMMENT 'CPF do funcionário. Será a PK da tabela.'
5877701 [AWT-EventQueue-0] INFO  ca.sqlpower.architect.ddl.GenericDDLGenerator  - endStatement: 

ALTER TABLE funcionario MODIFY COLUMN primeiro_nome VARCHAR(15) COMMENT 'Primeiro nome do funcionário.'
5877701 [AWT-EventQueue-0] INFO  ca.sqlpower.architect.ddl.GenericDDLGenerator  - endStatement: 

ALTER TABLE funcionario MODIFY COLUMN nome_meio CHAR(1) COMMENT 'Inicial do nome do meio.'
5877701 [AWT-EventQueue-0] INFO  ca.sqlpower.architect.ddl.GenericDDLGenerator  - endStatement: 

ALTER TABLE funcionario MODIFY COLUMN ultimo_nome VARCHAR(15) COMMENT 'Sobrenome do funcionário.'
5877701 [AWT-EventQueue-0] INFO  ca.sqlpower.architect.ddl.GenericDDLGenerator  - endStatement: 

ALTER TABLE funcionario MODIFY COLUMN data_nascimento DATE COMMENT 'Data de nascimento do funcionário.'
5877701 [AWT-EventQueue-0] INFO  ca.sqlpower.architect.ddl.GenericDDLGenerator  - endStatement: 

ALTER TABLE funcionario MODIFY COLUMN endereco VARCHAR(30) COMMENT 'Endereço do funcionário.'
5877702 [AWT-EventQueue-0] INFO  ca.sqlpower.architect.ddl.GenericDDLGenerator  - endStatement: 

ALTER TABLE funcionario MODIFY COLUMN sexo CHAR(1) COMMENT 'Sexo do funcionário.'
5877702 [AWT-EventQueue-0] INFO  ca.sqlpower.architect.ddl.GenericDDLGenerator  - endStatement: 

ALTER TABLE funcionario MODIFY COLUMN salario DECIMAL(10, 2) COMMENT 'Salário do funcionário.'
5877702 [AWT-EventQueue-0] INFO  ca.sqlpower.architect.ddl.GenericDDLGenerator  - endStatement: 

ALTER TABLE funcionario MODIFY COLUMN cpf_supervisor CHAR(11) COMMENT 'CPF do supervisor. Será uma FK para a própria tabela.'
5877702 [AWT-EventQueue-0] INFO  ca.sqlpower.architect.ddl.GenericDDLGenerator  - endStatement: 

ALTER TABLE funcionario MODIFY COLUMN numero_departamento INTEGER COMMENT 'Número do departamento do funcionário.'
5877702 [AWT-EventQueue-0] INFO  ca.sqlpower.architect.ddl.GenericDDLGenerator  - endStatement: 


CREATE TABLE departamento (
                numero_departamento INT NOT NULL,
                nome_departamento VARCHAR(15) NOT NULL,
                cpf_gerente CHAR(11) NOT NULL,
                data_inicio_gerente DATE,
                PRIMARY KEY (numero_departamento)
)
5877703 [AWT-EventQueue-0] INFO  ca.sqlpower.architect.ddl.GenericDDLGenerator  - endStatement: 

ALTER TABLE departamento MODIFY COLUMN numero_departamento INTEGER COMMENT 'Número do departamento. É a PK desta tabela.'
5877703 [AWT-EventQueue-0] INFO  ca.sqlpower.architect.ddl.GenericDDLGenerator  - endStatement: 

ALTER TABLE departamento MODIFY COLUMN nome_departamento VARCHAR(15) COMMENT 'Nome do departamento. Deve ser único.'
5877703 [AWT-EventQueue-0] INFO  ca.sqlpower.architect.ddl.GenericDDLGenerator  - endStatement: 

ALTER TABLE departamento MODIFY COLUMN cpf_gerente CHAR(11) COMMENT 'CPF do gerente do departamento. FK da tabela funcionários.'
5877703 [AWT-EventQueue-0] INFO  ca.sqlpower.architect.ddl.GenericDDLGenerator  - endStatement: 

ALTER TABLE departamento MODIFY COLUMN data_inicio_gerente DATE COMMENT 'Data do início do gerente no departamento.'
5877703 [AWT-EventQueue-0] INFO  ca.sqlpower.architect.ddl.GenericDDLGenerator  - endStatement: 


CREATE UNIQUE INDEX departamento_idx
 ON departamento
 ( nome_departamento )
5877704 [AWT-EventQueue-0] INFO  ca.sqlpower.architect.ddl.GenericDDLGenerator  - endStatement: 

CREATE TABLE projeto (
                numero_projeto INT NOT NULL,
                nome_projeto VARCHAR(15) NOT NULL,
                local_projeto VARCHAR(15),
                numero_departamento INT NOT NULL,
                PRIMARY KEY (numero_projeto)
)
5877704 [AWT-EventQueue-0] INFO  ca.sqlpower.architect.ddl.GenericDDLGenerator  - endStatement: 

ALTER TABLE projeto MODIFY COLUMN numero_projeto INTEGER COMMENT 'Número do projeto. É a PK desta tabela.'
5877704 [AWT-EventQueue-0] INFO  ca.sqlpower.architect.ddl.GenericDDLGenerator  - endStatement: 

ALTER TABLE projeto MODIFY COLUMN nome_projeto VARCHAR(15) COMMENT 'Nome do projeto. Deve ser único.'
5877704 [AWT-EventQueue-0] INFO  ca.sqlpower.architect.ddl.GenericDDLGenerator  - endStatement: 

ALTER TABLE projeto MODIFY COLUMN local_projeto VARCHAR(15) COMMENT 'Localização do projeto.'
5877704 [AWT-EventQueue-0] INFO  ca.sqlpower.architect.ddl.GenericDDLGenerator  - endStatement: 

ALTER TABLE projeto MODIFY COLUMN numero_departamento INTEGER COMMENT 'Número do departamento. É uma FK para a tabela departamento.'
5877705 [AWT-EventQueue-0] INFO  ca.sqlpower.architect.ddl.GenericDDLGenerator  - endStatement: 


CREATE UNIQUE INDEX projeto_idx
 ON projeto
 ( nome_projeto )
5877705 [AWT-EventQueue-0] INFO  ca.sqlpower.architect.ddl.GenericDDLGenerator  - endStatement: 

CREATE TABLE localizacoes_departamento (
                numero_departamento INT NOT NULL,
                local VARCHAR(15) NOT NULL,
                PRIMARY KEY (numero_departamento, local)
)
5877705 [AWT-EventQueue-0] INFO  ca.sqlpower.architect.ddl.GenericDDLGenerator  - endStatement: 

ALTER TABLE localizacoes_departamento MODIFY COLUMN numero_departamento INTEGER COMMENT 'Número departamento. PK e FK da tabela departamento.'
5877705 [AWT-EventQueue-0] INFO  ca.sqlpower.architect.ddl.GenericDDLGenerator  - endStatement: 

ALTER TABLE localizacoes_departamento MODIFY COLUMN local VARCHAR(15) COMMENT 'Localização do departamento. Faz parte da PK desta tabela.'
5877706 [AWT-EventQueue-0] INFO  ca.sqlpower.architect.ddl.GenericDDLGenerator  - endStatement: 


CREATE TABLE dependente (
                cpf_funcionario CHAR(11) NOT NULL,
                nome_dependente VARCHAR(15) NOT NULL,
                sexo CHAR(1),
                data_nascimento DATE,
                parentesco VARCHAR(15),
                PRIMARY KEY (cpf_funcionario, nome_dependente)
)
5877706 [AWT-EventQueue-0] INFO  ca.sqlpower.architect.ddl.GenericDDLGenerator  - endStatement: 

ALTER TABLE dependente MODIFY COLUMN cpf_funcionario CHAR(11) COMMENT 'CPF do funcionário. PK da tabela FK da tabela funcionário.'
5877707 [AWT-EventQueue-0] INFO  ca.sqlpower.architect.ddl.GenericDDLGenerator  - endStatement: 

ALTER TABLE dependente MODIFY COLUMN nome_dependente VARCHAR(15) COMMENT 'Nome do dependente. Faz parte da PK desta tabela.'
5877707 [AWT-EventQueue-0] INFO  ca.sqlpower.architect.ddl.GenericDDLGenerator  - endStatement: 

ALTER TABLE dependente MODIFY COLUMN sexo CHAR(1) COMMENT 'Sexo do dependente.'
5877707 [AWT-EventQueue-0] INFO  ca.sqlpower.architect.ddl.GenericDDLGenerator  - endStatement: 

ALTER TABLE dependente MODIFY COLUMN data_nascimento DATE COMMENT 'Data de nascimento do dependente.'
5877707 [AWT-EventQueue-0] INFO  ca.sqlpower.architect.ddl.GenericDDLGenerator  - endStatement: 

ALTER TABLE dependente MODIFY COLUMN parentesco VARCHAR(15) COMMENT 'Descrição do parentesco do dependente com o funcionário.
'
5877707 [AWT-EventQueue-0] INFO  ca.sqlpower.architect.ddl.GenericDDLGenerator  - endStatement: 


CREATE TABLE trabalha_em (
                cpf_funcionario CHAR(11) NOT NULL,
                numero_projeto INT NOT NULL,
                horas DECIMAL(3,1) NOT NULL,
                PRIMARY KEY (cpf_funcionario, numero_projeto)
)
5877708 [AWT-EventQueue-0] INFO  ca.sqlpower.architect.ddl.GenericDDLGenerator  - endStatement: 

ALTER TABLE trabalha_em MODIFY COLUMN cpf_funcionario CHAR(11) COMMENT 'CPF do funcionário. PK da tabela e FK da tabela funcionário.'
5877708 [AWT-EventQueue-0] INFO  ca.sqlpower.architect.ddl.GenericDDLGenerator  - endStatement: 

ALTER TABLE trabalha_em MODIFY COLUMN numero_projeto INTEGER COMMENT 'Número do projeto. PK da tabela e FK da tabela projeto.'
5877708 [AWT-EventQueue-0] INFO  ca.sqlpower.architect.ddl.GenericDDLGenerator  - endStatement: 

ALTER TABLE trabalha_em MODIFY COLUMN horas DECIMAL(3, 1) COMMENT 'Horas trabalhadas pelo funcionário neste projeto.'
5877708 [AWT-EventQueue-0] INFO  ca.sqlpower.architect.ddl.GenericDDLGenerator  - endStatement: 


ALTER TABLE trabalha_em ADD CONSTRAINT funcionario_trabalha_em_fk
FOREIGN KEY (cpf_funcionario)
REFERENCES funcionario (cpf)
ON DELETE NO ACTION
ON UPDATE NO ACTION
5877708 [AWT-EventQueue-0] INFO  ca.sqlpower.architect.ddl.GenericDDLGenerator  - endStatement: 

ALTER TABLE dependente ADD CONSTRAINT funcionario_dependente_fk
FOREIGN KEY (cpf_funcionario)
REFERENCES funcionario (cpf)
ON DELETE NO ACTION
ON UPDATE NO ACTION
5877709 [AWT-EventQueue-0] INFO  ca.sqlpower.architect.ddl.GenericDDLGenerator  - endStatement: 

ALTER TABLE funcionario ADD CONSTRAINT funcionario_funcionario_fk
FOREIGN KEY (cpf_supervisor)
REFERENCES funcionario (cpf)
ON DELETE NO ACTION
ON UPDATE NO ACTION
5877709 [AWT-EventQueue-0] INFO  ca.sqlpower.architect.ddl.GenericDDLGenerator  - endStatement: 

ALTER TABLE departamento ADD CONSTRAINT funcionario_departamento_fk
FOREIGN KEY (cpf_gerente)
REFERENCES funcionario (cpf)
ON DELETE NO ACTION
ON UPDATE NO ACTION
5877709 [AWT-EventQueue-0] INFO  ca.sqlpower.architect.ddl.GenericDDLGenerator  - endStatement: 

ALTER TABLE localizacoes_departamento ADD CONSTRAINT departamento_localizacoes_departamento_fk
FOREIGN KEY (numero_departamento)
REFERENCES departamento (numero_departamento)
ON DELETE NO ACTION
ON UPDATE NO ACTION
5877709 [AWT-EventQueue-0] INFO  ca.sqlpower.architect.ddl.GenericDDLGenerator  - endStatement: 

ALTER TABLE projeto ADD CONSTRAINT departamento_projeto_fk
FOREIGN KEY (numero_departamento)
REFERENCES departamento (numero_departamento)
ON DELETE NO ACTION
ON UPDATE NO ACTION
5877710 [AWT-EventQueue-0] INFO  ca.sqlpower.architect.ddl.GenericDDLGenerator  - endStatement: 

ALTER TABLE trabalha_em ADD CONSTRAINT projeto_trabalha_em_fk
FOREIGN KEY (numero_projeto)
REFERENCES projeto (numero_projeto)
ON DELETE NO ACTION
ON UPDATE NO ACTION
5877710 [AWT-EventQueue-0] INFO  ca.sqlpower.architect.swingui.SQLScriptDialog  - The list size is :43
8047143 [AWT-EventQueue-0] WARN  ca.sqlpower.sqlobject.ForeignKeyColumnUpdaterPoolingSPListener  - Warning: unknown SQLTypePhysicalProperties property name changed while monitoring pkTable
8047143 [AWT-EventQueue-0] WARN  ca.sqlpower.sqlobject.ForeignKeyColumnUpdaterPoolingSPListener  - Warning: unknown SQLTypePhysicalProperties property name changed while monitoring pkTable
8047144 [AWT-EventQueue-0] WARN  ca.sqlpower.sqlobject.ForeignKeyColumnUpdaterPoolingSPListener  - Warning: unknown SQLTypePhysicalProperties property name changed while monitoring pkTable
8047144 [AWT-EventQueue-0] WARN  ca.sqlpower.sqlobject.ForeignKeyColumnUpdaterPoolingSPListener  - Warning: unknown SQLTypePhysicalProperties property name changed while monitoring pkTable
8047147 [AWT-EventQueue-0] WARN  ca.sqlpower.sqlobject.ForeignKeyColumnUpdaterPoolingSPListener  - Warning: unknown SQLTypePhysicalProperties property scale changed while monitoring pkTable
8047148 [AWT-EventQueue-0] WARN  ca.sqlpower.sqlobject.ForeignKeyColumnUpdaterPoolingSPListener  - Warning: unknown SQLTypePhysicalProperties property scale changed while monitoring pkTable
8047148 [AWT-EventQueue-0] WARN  ca.sqlpower.sqlobject.ForeignKeyColumnUpdaterPoolingSPListener  - Warning: unknown SQLTypePhysicalProperties property scale changed while monitoring pkTable
8047148 [AWT-EventQueue-0] WARN  ca.sqlpower.sqlobject.ForeignKeyColumnUpdaterPoolingSPListener  - Warning: unknown SQLTypePhysicalProperties property scale changed while monitoring pkTable
8069597 [AWT-EventQueue-0] WARN  ca.sqlpower.sqlobject.ForeignKeyColumnUpdaterPoolingSPListener  - Warning: unknown SQLTypePhysicalProperties property scale changed while monitoring pkTable
8069598 [AWT-EventQueue-0] WARN  ca.sqlpower.sqlobject.ForeignKeyColumnUpdaterPoolingSPListener  - Warning: unknown SQLTypePhysicalProperties property scale changed while monitoring pkTable
8069598 [AWT-EventQueue-0] WARN  ca.sqlpower.sqlobject.ForeignKeyColumnUpdaterPoolingSPListener  - Warning: unknown SQLTypePhysicalProperties property scale changed while monitoring pkTable
8069598 [AWT-EventQueue-0] WARN  ca.sqlpower.sqlobject.ForeignKeyColumnUpdaterPoolingSPListener  - Warning: unknown SQLTypePhysicalProperties property scale changed while monitoring pkTable
8146738 [AWT-EventQueue-0] WARN  ca.sqlpower.sqlobject.ForeignKeyColumnUpdaterPoolingSPListener  - Warning: unknown SQLTypePhysicalProperties property precision changed while monitoring pkTable
8146738 [AWT-EventQueue-0] WARN  ca.sqlpower.sqlobject.ForeignKeyColumnUpdaterPoolingSPListener  - Warning: unknown SQLTypePhysicalProperties property precision changed while monitoring pkTable
8146740 [AWT-EventQueue-0] WARN  ca.sqlpower.sqlobject.ForeignKeyColumnUpdaterPoolingSPListener  - Warning: unknown SQLTypePhysicalProperties property precision changed while monitoring pkTable
8146740 [AWT-EventQueue-0] WARN  ca.sqlpower.sqlobject.ForeignKeyColumnUpdaterPoolingSPListener  - Warning: unknown SQLTypePhysicalProperties property precision changed while monitoring pkTable
8161638 [AWT-EventQueue-0] WARN  ca.sqlpower.sqlobject.ForeignKeyColumnUpdaterPoolingSPListener  - Warning: unknown SQLTypePhysicalProperties property precision changed while monitoring pkTable
8161638 [AWT-EventQueue-0] WARN  ca.sqlpower.sqlobject.ForeignKeyColumnUpdaterPoolingSPListener  - Warning: unknown SQLTypePhysicalProperties property precision changed while monitoring pkTable
8161638 [AWT-EventQueue-0] WARN  ca.sqlpower.sqlobject.ForeignKeyColumnUpdaterPoolingSPListener  - Warning: unknown SQLTypePhysicalProperties property precision changed while monitoring pkTable
8198191 [AWT-EventQueue-0] INFO  ca.sqlpower.architect.ddl.GenericDDLGenerator  - endStatement: 
CREATE TABLE funcionario (
                cpf CHAR(11) NOT NULL,
                primeiro_nome VARCHAR(15) NOT NULL,
                nome_meio CHAR(1),
                ultimo_nome VARCHAR(15) NOT NULL,
                data_nascimento DATE,
                endereco VARCHAR(30),
                sexo CHAR(1),
                salario DECIMAL(10,2),
                cpf_supervisor CHAR(11) NOT NULL,
                numero_departamento INT NOT NULL,
                PRIMARY KEY (cpf)
)
8198192 [AWT-EventQueue-0] INFO  ca.sqlpower.architect.ddl.GenericDDLGenerator  - endStatement: 

ALTER TABLE funcionario MODIFY COLUMN cpf CHAR(11) COMMENT 'CPF do funcionário. Será a PK da tabela.'
8198192 [AWT-EventQueue-0] INFO  ca.sqlpower.architect.ddl.GenericDDLGenerator  - endStatement: 

ALTER TABLE funcionario MODIFY COLUMN primeiro_nome VARCHAR(15) COMMENT 'Primeiro nome do funcionário.'
8198192 [AWT-EventQueue-0] INFO  ca.sqlpower.architect.ddl.GenericDDLGenerator  - endStatement: 

ALTER TABLE funcionario MODIFY COLUMN nome_meio CHAR(1) COMMENT 'Inicial do nome do meio.'
8198192 [AWT-EventQueue-0] INFO  ca.sqlpower.architect.ddl.GenericDDLGenerator  - endStatement: 

ALTER TABLE funcionario MODIFY COLUMN ultimo_nome VARCHAR(15) COMMENT 'Sobrenome do funcionário.'
8198192 [AWT-EventQueue-0] INFO  ca.sqlpower.architect.ddl.GenericDDLGenerator  - endStatement: 

ALTER TABLE funcionario MODIFY COLUMN data_nascimento DATE COMMENT 'Data de nascimento do funcionário.'
8198192 [AWT-EventQueue-0] INFO  ca.sqlpower.architect.ddl.GenericDDLGenerator  - endStatement: 

ALTER TABLE funcionario MODIFY COLUMN endereco VARCHAR(30) COMMENT 'Endereço do funcionário.'
8198192 [AWT-EventQueue-0] INFO  ca.sqlpower.architect.ddl.GenericDDLGenerator  - endStatement: 

ALTER TABLE funcionario MODIFY COLUMN sexo CHAR(1) COMMENT 'Sexo do funcionário.'
8198193 [AWT-EventQueue-0] INFO  ca.sqlpower.architect.ddl.GenericDDLGenerator  - endStatement: 

ALTER TABLE funcionario MODIFY COLUMN salario DECIMAL(10, 2) COMMENT 'Salário do funcionário.'
8198193 [AWT-EventQueue-0] INFO  ca.sqlpower.architect.ddl.GenericDDLGenerator  - endStatement: 

ALTER TABLE funcionario MODIFY COLUMN cpf_supervisor CHAR(11) COMMENT 'CPF do supervisor. Será uma FK para a própria tabela.'
8198193 [AWT-EventQueue-0] INFO  ca.sqlpower.architect.ddl.GenericDDLGenerator  - endStatement: 

ALTER TABLE funcionario MODIFY COLUMN numero_departamento INTEGER COMMENT 'Número do departamento do funcionário.'
8198193 [AWT-EventQueue-0] INFO  ca.sqlpower.architect.ddl.GenericDDLGenerator  - endStatement: 


CREATE TABLE departamento (
                numero_departamento INT NOT NULL,
                nome_departamento VARCHAR(15) NOT NULL,
                cpf_gerente CHAR(11) NOT NULL,
                data_inicio_gerente DATE,
                PRIMARY KEY (numero_departamento)
)
8198193 [AWT-EventQueue-0] INFO  ca.sqlpower.architect.ddl.GenericDDLGenerator  - endStatement: 

ALTER TABLE departamento MODIFY COLUMN numero_departamento INTEGER COMMENT 'Número do departamento. É a PK desta tabela.'
8198193 [AWT-EventQueue-0] INFO  ca.sqlpower.architect.ddl.GenericDDLGenerator  - endStatement: 

ALTER TABLE departamento MODIFY COLUMN nome_departamento VARCHAR(15) COMMENT 'Nome do departamento. Deve ser único.'
8198193 [AWT-EventQueue-0] INFO  ca.sqlpower.architect.ddl.GenericDDLGenerator  - endStatement: 

ALTER TABLE departamento MODIFY COLUMN cpf_gerente CHAR(11) COMMENT 'CPF do gerente do departamento. FK da tabela funcionários.'
8198194 [AWT-EventQueue-0] INFO  ca.sqlpower.architect.ddl.GenericDDLGenerator  - endStatement: 

ALTER TABLE departamento MODIFY COLUMN data_inicio_gerente DATE COMMENT 'Data do início do gerente no departamento.'
8198194 [AWT-EventQueue-0] INFO  ca.sqlpower.architect.ddl.GenericDDLGenerator  - endStatement: 


CREATE UNIQUE INDEX departamento_idx
 ON departamento
 ( nome_departamento )
8198194 [AWT-EventQueue-0] INFO  ca.sqlpower.architect.ddl.GenericDDLGenerator  - endStatement: 

CREATE TABLE projeto (
                numero_projeto INT NOT NULL,
                nome_projeto VARCHAR(15) NOT NULL,
                local_projeto VARCHAR(15),
                numero_departamento INT NOT NULL,
                PRIMARY KEY (numero_projeto)
)
8198194 [AWT-EventQueue-0] INFO  ca.sqlpower.architect.ddl.GenericDDLGenerator  - endStatement: 

ALTER TABLE projeto MODIFY COLUMN numero_projeto INTEGER COMMENT 'Número do projeto. É a PK desta tabela.'
8198194 [AWT-EventQueue-0] INFO  ca.sqlpower.architect.ddl.GenericDDLGenerator  - endStatement: 

ALTER TABLE projeto MODIFY COLUMN nome_projeto VARCHAR(15) COMMENT 'Nome do projeto. Deve ser único.'
8198194 [AWT-EventQueue-0] INFO  ca.sqlpower.architect.ddl.GenericDDLGenerator  - endStatement: 

ALTER TABLE projeto MODIFY COLUMN local_projeto VARCHAR(15) COMMENT 'Localização do projeto.'
8198194 [AWT-EventQueue-0] INFO  ca.sqlpower.architect.ddl.GenericDDLGenerator  - endStatement: 

ALTER TABLE projeto MODIFY COLUMN numero_departamento INTEGER COMMENT 'Número do departamento. É uma FK para a tabela departamento.'
8198195 [AWT-EventQueue-0] INFO  ca.sqlpower.architect.ddl.GenericDDLGenerator  - endStatement: 


CREATE UNIQUE INDEX projeto_idx
 ON projeto
 ( nome_projeto )
8198195 [AWT-EventQueue-0] INFO  ca.sqlpower.architect.ddl.GenericDDLGenerator  - endStatement: 

CREATE TABLE localizacoes_departamento (
                numero_departamento INT NOT NULL,
                local VARCHAR(15) NOT NULL,
                PRIMARY KEY (numero_departamento, local)
)
8198195 [AWT-EventQueue-0] INFO  ca.sqlpower.architect.ddl.GenericDDLGenerator  - endStatement: 

ALTER TABLE localizacoes_departamento MODIFY COLUMN numero_departamento INTEGER COMMENT 'Número departamento. PK e FK da tabela departamento.'
8198195 [AWT-EventQueue-0] INFO  ca.sqlpower.architect.ddl.GenericDDLGenerator  - endStatement: 

ALTER TABLE localizacoes_departamento MODIFY COLUMN local VARCHAR(15) COMMENT 'Localização do departamento. Faz parte da PK desta tabela.'
8198195 [AWT-EventQueue-0] INFO  ca.sqlpower.architect.ddl.GenericDDLGenerator  - endStatement: 


CREATE TABLE dependente (
                cpf_funcionario CHAR(11) NOT NULL,
                nome_dependente VARCHAR(15) NOT NULL,
                sexo CHAR(1),
                data_nascimento DATE,
                parentesco VARCHAR(15),
                PRIMARY KEY (cpf_funcionario, nome_dependente)
)
8198195 [AWT-EventQueue-0] INFO  ca.sqlpower.architect.ddl.GenericDDLGenerator  - endStatement: 

ALTER TABLE dependente MODIFY COLUMN cpf_funcionario CHAR(11) COMMENT 'CPF do funcionário. PK da tabela FK da tabela funcionário.'
8198195 [AWT-EventQueue-0] INFO  ca.sqlpower.architect.ddl.GenericDDLGenerator  - endStatement: 

ALTER TABLE dependente MODIFY COLUMN nome_dependente VARCHAR(15) COMMENT 'Nome do dependente. Faz parte da PK desta tabela.'
8198196 [AWT-EventQueue-0] INFO  ca.sqlpower.architect.ddl.GenericDDLGenerator  - endStatement: 

ALTER TABLE dependente MODIFY COLUMN sexo CHAR(1) COMMENT 'Sexo do dependente.'
8198196 [AWT-EventQueue-0] INFO  ca.sqlpower.architect.ddl.GenericDDLGenerator  - endStatement: 

ALTER TABLE dependente MODIFY COLUMN data_nascimento DATE COMMENT 'Data de nascimento do dependente.'
8198196 [AWT-EventQueue-0] INFO  ca.sqlpower.architect.ddl.GenericDDLGenerator  - endStatement: 

ALTER TABLE dependente MODIFY COLUMN parentesco VARCHAR(15) COMMENT 'Descrição do parentesco do dependente com o funcionário.
'
8198196 [AWT-EventQueue-0] INFO  ca.sqlpower.architect.ddl.GenericDDLGenerator  - endStatement: 


CREATE TABLE trabalha_em (
                cpf_funcionario CHAR(11) NOT NULL,
                numero_projeto INT NOT NULL,
                horas DECIMAL(3,1) NOT NULL,
                PRIMARY KEY (cpf_funcionario, numero_projeto)
)
8198196 [AWT-EventQueue-0] INFO  ca.sqlpower.architect.ddl.GenericDDLGenerator  - endStatement: 

ALTER TABLE trabalha_em MODIFY COLUMN cpf_funcionario CHAR(11) COMMENT 'CPF do funcionário. PK da tabela e FK da tabela funcionário.'
8198196 [AWT-EventQueue-0] INFO  ca.sqlpower.architect.ddl.GenericDDLGenerator  - endStatement: 

ALTER TABLE trabalha_em MODIFY COLUMN numero_projeto INTEGER COMMENT 'Número do projeto. PK da tabela e FK da tabela projeto.'
8198196 [AWT-EventQueue-0] INFO  ca.sqlpower.architect.ddl.GenericDDLGenerator  - endStatement: 

ALTER TABLE trabalha_em MODIFY COLUMN horas DECIMAL(3, 1) COMMENT 'Horas trabalhadas pelo funcionário neste projeto.'
8198196 [AWT-EventQueue-0] INFO  ca.sqlpower.architect.ddl.GenericDDLGenerator  - endStatement: 


ALTER TABLE trabalha_em ADD CONSTRAINT funcionario_trabalha_em_fk
FOREIGN KEY (cpf_funcionario)
REFERENCES funcionario (cpf)
ON DELETE NO ACTION
ON UPDATE NO ACTION
8198197 [AWT-EventQueue-0] INFO  ca.sqlpower.architect.ddl.GenericDDLGenerator  - endStatement: 

ALTER TABLE dependente ADD CONSTRAINT funcionario_dependente_fk
FOREIGN KEY (cpf_funcionario)
REFERENCES funcionario (cpf)
ON DELETE NO ACTION
ON UPDATE NO ACTION
8198197 [AWT-EventQueue-0] INFO  ca.sqlpower.architect.ddl.GenericDDLGenerator  - endStatement: 

ALTER TABLE funcionario ADD CONSTRAINT funcionario_funcionario_fk
FOREIGN KEY (cpf_supervisor)
REFERENCES funcionario (cpf)
ON DELETE NO ACTION
ON UPDATE NO ACTION
8198197 [AWT-EventQueue-0] INFO  ca.sqlpower.architect.ddl.GenericDDLGenerator  - endStatement: 

ALTER TABLE departamento ADD CONSTRAINT funcionario_departamento_fk
FOREIGN KEY (cpf_gerente)
REFERENCES funcionario (cpf)
ON DELETE NO ACTION
ON UPDATE NO ACTION
8198197 [AWT-EventQueue-0] INFO  ca.sqlpower.architect.ddl.GenericDDLGenerator  - endStatement: 

ALTER TABLE localizacoes_departamento ADD CONSTRAINT departamento_localizacoes_departamento_fk
FOREIGN KEY (numero_departamento)
REFERENCES departamento (numero_departamento)
ON DELETE NO ACTION
ON UPDATE NO ACTION
8198197 [AWT-EventQueue-0] INFO  ca.sqlpower.architect.ddl.GenericDDLGenerator  - endStatement: 

ALTER TABLE projeto ADD CONSTRAINT departamento_projeto_fk
FOREIGN KEY (numero_departamento)
REFERENCES departamento (numero_departamento)
ON DELETE NO ACTION
ON UPDATE NO ACTION
8198197 [AWT-EventQueue-0] INFO  ca.sqlpower.architect.ddl.GenericDDLGenerator  - endStatement: 

ALTER TABLE trabalha_em ADD CONSTRAINT projeto_trabalha_em_fk
FOREIGN KEY (numero_projeto)
REFERENCES projeto (numero_projeto)
ON DELETE NO ACTION
ON UPDATE NO ACTION
8198198 [AWT-EventQueue-0] INFO  ca.sqlpower.architect.swingui.SQLScriptDialog  - The list size is :43
8207799 [AWT-EventQueue-0] INFO  ca.sqlpower.architect.ddl.GenericDDLGenerator  - endStatement: 
CREATE TABLE funcionario (
                cpf CHAR(11) NOT NULL,
                primeiro_nome VARCHAR(15) NOT NULL,
                nome_meio CHAR(1),
                ultimo_nome VARCHAR(15) NOT NULL,
                data_nascimento DATE,
                endereco VARCHAR(100),
                sexo CHAR(1),
                salario DECIMAL(10,2),
                cpf_supervisor CHAR(11) NOT NULL,
                numero_departamento INT NOT NULL,
                PRIMARY KEY (cpf)
)
8207800 [AWT-EventQueue-0] INFO  ca.sqlpower.architect.ddl.GenericDDLGenerator  - endStatement: 

ALTER TABLE funcionario MODIFY COLUMN cpf CHAR(11) COMMENT 'CPF do funcionário. Será a PK da tabela.'
8207800 [AWT-EventQueue-0] INFO  ca.sqlpower.architect.ddl.GenericDDLGenerator  - endStatement: 

ALTER TABLE funcionario MODIFY COLUMN primeiro_nome VARCHAR(15) COMMENT 'Primeiro nome do funcionário.'
8207800 [AWT-EventQueue-0] INFO  ca.sqlpower.architect.ddl.GenericDDLGenerator  - endStatement: 

ALTER TABLE funcionario MODIFY COLUMN nome_meio CHAR(1) COMMENT 'Inicial do nome do meio.'
8207800 [AWT-EventQueue-0] INFO  ca.sqlpower.architect.ddl.GenericDDLGenerator  - endStatement: 

ALTER TABLE funcionario MODIFY COLUMN ultimo_nome VARCHAR(15) COMMENT 'Sobrenome do funcionário.'
8207800 [AWT-EventQueue-0] INFO  ca.sqlpower.architect.ddl.GenericDDLGenerator  - endStatement: 

ALTER TABLE funcionario MODIFY COLUMN data_nascimento DATE COMMENT 'Data de nascimento do funcionário.'
8207800 [AWT-EventQueue-0] INFO  ca.sqlpower.architect.ddl.GenericDDLGenerator  - endStatement: 

ALTER TABLE funcionario MODIFY COLUMN endereco VARCHAR(100) COMMENT 'Endereço do funcionário.'
8207800 [AWT-EventQueue-0] INFO  ca.sqlpower.architect.ddl.GenericDDLGenerator  - endStatement: 

ALTER TABLE funcionario MODIFY COLUMN sexo CHAR(1) COMMENT 'Sexo do funcionário.'
8207800 [AWT-EventQueue-0] INFO  ca.sqlpower.architect.ddl.GenericDDLGenerator  - endStatement: 

ALTER TABLE funcionario MODIFY COLUMN salario DECIMAL(10, 2) COMMENT 'Salário do funcionário.'
8207801 [AWT-EventQueue-0] INFO  ca.sqlpower.architect.ddl.GenericDDLGenerator  - endStatement: 

ALTER TABLE funcionario MODIFY COLUMN cpf_supervisor CHAR(11) COMMENT 'CPF do supervisor. Será uma FK para a própria tabela.'
8207801 [AWT-EventQueue-0] INFO  ca.sqlpower.architect.ddl.GenericDDLGenerator  - endStatement: 

ALTER TABLE funcionario MODIFY COLUMN numero_departamento INTEGER COMMENT 'Número do departamento do funcionário.'
8207801 [AWT-EventQueue-0] INFO  ca.sqlpower.architect.ddl.GenericDDLGenerator  - endStatement: 


CREATE TABLE departamento (
                numero_departamento INT NOT NULL,
                nome_departamento VARCHAR(15) NOT NULL,
                cpf_gerente CHAR(11) NOT NULL,
                data_inicio_gerente DATE,
                PRIMARY KEY (numero_departamento)
)
8207801 [AWT-EventQueue-0] INFO  ca.sqlpower.architect.ddl.GenericDDLGenerator  - endStatement: 

ALTER TABLE departamento MODIFY COLUMN numero_departamento INTEGER COMMENT 'Número do departamento. É a PK desta tabela.'
8207801 [AWT-EventQueue-0] INFO  ca.sqlpower.architect.ddl.GenericDDLGenerator  - endStatement: 

ALTER TABLE departamento MODIFY COLUMN nome_departamento VARCHAR(15) COMMENT 'Nome do departamento. Deve ser único.'
8207801 [AWT-EventQueue-0] INFO  ca.sqlpower.architect.ddl.GenericDDLGenerator  - endStatement: 

ALTER TABLE departamento MODIFY COLUMN cpf_gerente CHAR(11) COMMENT 'CPF do gerente do departamento. FK da tabela funcionários.'
8207801 [AWT-EventQueue-0] INFO  ca.sqlpower.architect.ddl.GenericDDLGenerator  - endStatement: 

ALTER TABLE departamento MODIFY COLUMN data_inicio_gerente DATE COMMENT 'Data do início do gerente no departamento.'
8207801 [AWT-EventQueue-0] INFO  ca.sqlpower.architect.ddl.GenericDDLGenerator  - endStatement: 


CREATE UNIQUE INDEX departamento_idx
 ON departamento
 ( nome_departamento )
8207802 [AWT-EventQueue-0] INFO  ca.sqlpower.architect.ddl.GenericDDLGenerator  - endStatement: 

CREATE TABLE projeto (
                numero_projeto INT NOT NULL,
                nome_projeto VARCHAR(15) NOT NULL,
                local_projeto VARCHAR(15),
                numero_departamento INT NOT NULL,
                PRIMARY KEY (numero_projeto)
)
8207802 [AWT-EventQueue-0] INFO  ca.sqlpower.architect.ddl.GenericDDLGenerator  - endStatement: 

ALTER TABLE projeto MODIFY COLUMN numero_projeto INTEGER COMMENT 'Número do projeto. É a PK desta tabela.'
8207802 [AWT-EventQueue-0] INFO  ca.sqlpower.architect.ddl.GenericDDLGenerator  - endStatement: 

ALTER TABLE projeto MODIFY COLUMN nome_projeto VARCHAR(15) COMMENT 'Nome do projeto. Deve ser único.'
8207802 [AWT-EventQueue-0] INFO  ca.sqlpower.architect.ddl.GenericDDLGenerator  - endStatement: 

ALTER TABLE projeto MODIFY COLUMN local_projeto VARCHAR(15) COMMENT 'Localização do projeto.'
8207802 [AWT-EventQueue-0] INFO  ca.sqlpower.architect.ddl.GenericDDLGenerator  - endStatement: 

ALTER TABLE projeto MODIFY COLUMN numero_departamento INTEGER COMMENT 'Número do departamento. É uma FK para a tabela departamento.'
8207802 [AWT-EventQueue-0] INFO  ca.sqlpower.architect.ddl.GenericDDLGenerator  - endStatement: 


CREATE UNIQUE INDEX projeto_idx
 ON projeto
 ( nome_projeto )
8207802 [AWT-EventQueue-0] INFO  ca.sqlpower.architect.ddl.GenericDDLGenerator  - endStatement: 

CREATE TABLE localizacoes_departamento (
                numero_departamento INT NOT NULL,
                local VARCHAR(15) NOT NULL,
                PRIMARY KEY (numero_departamento, local)
)
8207802 [AWT-EventQueue-0] INFO  ca.sqlpower.architect.ddl.GenericDDLGenerator  - endStatement: 

ALTER TABLE localizacoes_departamento MODIFY COLUMN numero_departamento INTEGER COMMENT 'Número departamento. PK e FK da tabela departamento.'
8207803 [AWT-EventQueue-0] INFO  ca.sqlpower.architect.ddl.GenericDDLGenerator  - endStatement: 

ALTER TABLE localizacoes_departamento MODIFY COLUMN local VARCHAR(15) COMMENT 'Localização do departamento. Faz parte da PK desta tabela.'
8207803 [AWT-EventQueue-0] INFO  ca.sqlpower.architect.ddl.GenericDDLGenerator  - endStatement: 


CREATE TABLE dependente (
                cpf_funcionario CHAR(11) NOT NULL,
                nome_dependente VARCHAR(15) NOT NULL,
                sexo CHAR(1),
                data_nascimento DATE,
                parentesco VARCHAR(15),
                PRIMARY KEY (cpf_funcionario, nome_dependente)
)
8207805 [AWT-EventQueue-0] INFO  ca.sqlpower.architect.ddl.GenericDDLGenerator  - endStatement: 

ALTER TABLE dependente MODIFY COLUMN cpf_funcionario CHAR(11) COMMENT 'CPF do funcionário. PK da tabela FK da tabela funcionário.'
8207805 [AWT-EventQueue-0] INFO  ca.sqlpower.architect.ddl.GenericDDLGenerator  - endStatement: 

ALTER TABLE dependente MODIFY COLUMN nome_dependente VARCHAR(15) COMMENT 'Nome do dependente. Faz parte da PK desta tabela.'
8207805 [AWT-EventQueue-0] INFO  ca.sqlpower.architect.ddl.GenericDDLGenerator  - endStatement: 

ALTER TABLE dependente MODIFY COLUMN sexo CHAR(1) COMMENT 'Sexo do dependente.'
8207805 [AWT-EventQueue-0] INFO  ca.sqlpower.architect.ddl.GenericDDLGenerator  - endStatement: 

ALTER TABLE dependente MODIFY COLUMN data_nascimento DATE COMMENT 'Data de nascimento do dependente.'
8207805 [AWT-EventQueue-0] INFO  ca.sqlpower.architect.ddl.GenericDDLGenerator  - endStatement: 

ALTER TABLE dependente MODIFY COLUMN parentesco VARCHAR(15) COMMENT 'Descrição do parentesco do dependente com o funcionário.
'
8207806 [AWT-EventQueue-0] INFO  ca.sqlpower.architect.ddl.GenericDDLGenerator  - endStatement: 


CREATE TABLE trabalha_em (
                cpf_funcionario CHAR(11) NOT NULL,
                numero_projeto INT NOT NULL,
                horas DECIMAL(3,1) NOT NULL,
                PRIMARY KEY (cpf_funcionario, numero_projeto)
)
8207806 [AWT-EventQueue-0] INFO  ca.sqlpower.architect.ddl.GenericDDLGenerator  - endStatement: 

ALTER TABLE trabalha_em MODIFY COLUMN cpf_funcionario CHAR(11) COMMENT 'CPF do funcionário. PK da tabela e FK da tabela funcionário.'
8207806 [AWT-EventQueue-0] INFO  ca.sqlpower.architect.ddl.GenericDDLGenerator  - endStatement: 

ALTER TABLE trabalha_em MODIFY COLUMN numero_projeto INTEGER COMMENT 'Número do projeto. PK da tabela e FK da tabela projeto.'
8207806 [AWT-EventQueue-0] INFO  ca.sqlpower.architect.ddl.GenericDDLGenerator  - endStatement: 

ALTER TABLE trabalha_em MODIFY COLUMN horas DECIMAL(3, 1) COMMENT 'Horas trabalhadas pelo funcionário neste projeto.'
8207806 [AWT-EventQueue-0] INFO  ca.sqlpower.architect.ddl.GenericDDLGenerator  - endStatement: 


ALTER TABLE trabalha_em ADD CONSTRAINT funcionario_trabalha_em_fk
FOREIGN KEY (cpf_funcionario)
REFERENCES funcionario (cpf)
ON DELETE NO ACTION
ON UPDATE NO ACTION
8207806 [AWT-EventQueue-0] INFO  ca.sqlpower.architect.ddl.GenericDDLGenerator  - endStatement: 

ALTER TABLE dependente ADD CONSTRAINT funcionario_dependente_fk
FOREIGN KEY (cpf_funcionario)
REFERENCES funcionario (cpf)
ON DELETE NO ACTION
ON UPDATE NO ACTION
8207806 [AWT-EventQueue-0] INFO  ca.sqlpower.architect.ddl.GenericDDLGenerator  - endStatement: 

ALTER TABLE funcionario ADD CONSTRAINT funcionario_funcionario_fk
FOREIGN KEY (cpf_supervisor)
REFERENCES funcionario (cpf)
ON DELETE NO ACTION
ON UPDATE NO ACTION
8207807 [AWT-EventQueue-0] INFO  ca.sqlpower.architect.ddl.GenericDDLGenerator  - endStatement: 

ALTER TABLE departamento ADD CONSTRAINT funcionario_departamento_fk
FOREIGN KEY (cpf_gerente)
REFERENCES funcionario (cpf)
ON DELETE NO ACTION
ON UPDATE NO ACTION
8207807 [AWT-EventQueue-0] INFO  ca.sqlpower.architect.ddl.GenericDDLGenerator  - endStatement: 

ALTER TABLE localizacoes_departamento ADD CONSTRAINT departamento_localizacoes_departamento_fk
FOREIGN KEY (numero_departamento)
REFERENCES departamento (numero_departamento)
ON DELETE NO ACTION
ON UPDATE NO ACTION
8207807 [AWT-EventQueue-0] INFO  ca.sqlpower.architect.ddl.GenericDDLGenerator  - endStatement: 

ALTER TABLE projeto ADD CONSTRAINT departamento_projeto_fk
FOREIGN KEY (numero_departamento)
REFERENCES departamento (numero_departamento)
ON DELETE NO ACTION
ON UPDATE NO ACTION
8207807 [AWT-EventQueue-0] INFO  ca.sqlpower.architect.ddl.GenericDDLGenerator  - endStatement: 

ALTER TABLE trabalha_em ADD CONSTRAINT projeto_trabalha_em_fk
FOREIGN KEY (numero_projeto)
REFERENCES projeto (numero_projeto)
ON DELETE NO ACTION
ON UPDATE NO ACTION
8207808 [AWT-EventQueue-0] INFO  ca.sqlpower.architect.swingui.SQLScriptDialog  - The list size is :43
0    [AWT-EventQueue-0] INFO  ca.sqlpower.architect.ArchitectUtils  - Log4J configured successfully
544  [AWT-EventQueue-0] INFO  ca.sqlpower.sql.PlDotIni  - Beginning to read/merge new pl.ini data
671  [AWT-EventQueue-0] INFO  ca.sqlpower.sql.PlDotIni  - Finished reading file.
672  [AWT-EventQueue-0] INFO  ca.sqlpower.sql.PlDotIni  - Beginning to read/merge new pl.ini data
753  [AWT-EventQueue-0] INFO  ca.sqlpower.sql.PlDotIni  - Finished reading file.
3979 [Thread-5] ERROR ca.sqlpower.architect.swingui.action.CheckForUpdateAction  - Fail to retrieve current version number!
